2025-01-15 11:01:58,482 - EXECUTION - INFO - Gather GCP details...
2025-01-15 11:01:58,482 - EXECUTION - INFO - Accessing GCP Bucket...
2025-01-15 11:01:58,778 - EXECUTION - INFO - Files from GCP Bucket: ['game.parquet', 'game_goalie_stats.parquet', 'game_goals.parquet', 'game_officials.parquet', 'game_penalties.parquet', 'game_plays.parquet', 'game_plays_players.parquet', 'game_scratches.parquet', 'game_shifts.parquet', 'game_skater_stats.parquet', 'game_teams_stats.parquet', 'player_info.parquet', 'team_info.parquet']
2025-01-15 11:01:58,778 - EXECUTION - INFO - Executing DBT Macro...
2025-01-15 11:01:58,778 - EXECUTION - INFO - DBT Command: dbt run-operation create_external_table_automated --args '{"value":"game"}'
2025-01-15 11:02:03,280 - EXECUTION - INFO - Command succeeded: [0m17:01:59  Running with dbt=1.8.7
[0m17:02:01  Registered adapter: bigquery=1.8.3
[0m17:02:01  Found 27 models, 3 data tests, 496 macros
[0m17:02:01  Executing SQL: 
  CREATE OR REPLACE EXTERNAL TABLE `nhl_data_hub.external_game`
  OPTIONS (
    format = 'PARQUET',
    uris = ['gs://dev-dbt-data-jf/input/nhl-game-data/game.parquet']
  );
  

2025-01-15 11:02:03,280 - EXECUTION - INFO - Sleeping for 5 seconds...
2025-01-15 11:02:08,281 - EXECUTION - INFO - Executing DBT Macro...
2025-01-15 11:02:08,281 - EXECUTION - INFO - DBT Command: dbt run-operation create_external_table_automated --args '{"value":"game_goalie_stats"}'
2025-01-15 11:02:12,499 - EXECUTION - INFO - Command succeeded: [0m17:02:09  Running with dbt=1.8.7
[0m17:02:10  Registered adapter: bigquery=1.8.3
[0m17:02:10  Found 27 models, 3 data tests, 496 macros
[0m17:02:10  Executing SQL: 
  CREATE OR REPLACE EXTERNAL TABLE `nhl_data_hub.external_game_goalie_stats`
  OPTIONS (
    format = 'PARQUET',
    uris = ['gs://dev-dbt-data-jf/input/nhl-game-data/game_goalie_stats.parquet']
  );
  

2025-01-15 11:02:12,499 - EXECUTION - INFO - Sleeping for 5 seconds...
2025-01-15 11:02:15,408 - EXECUTION - INFO - Executing DBT Macro...
2025-01-15 11:02:15,408 - EXECUTION - INFO - DBT Command: dbt run-operation create_external_table_automated --args '{"value":"game_goals"}'
2025-01-15 11:02:19,577 - EXECUTION - INFO - Command succeeded: [0m17:02:16  Running with dbt=1.8.7
[0m17:02:17  Registered adapter: bigquery=1.8.3
[0m17:02:17  Found 27 models, 3 data tests, 496 macros
[0m17:02:17  Executing SQL: 
  CREATE OR REPLACE EXTERNAL TABLE `nhl_data_hub.external_game_goals`
  OPTIONS (
    format = 'PARQUET',
    uris = ['gs://dev-dbt-data-jf/input/nhl-game-data/game_goals.parquet']
  );
  

2025-01-15 11:02:19,577 - EXECUTION - INFO - Sleeping for 5 seconds...
2025-01-15 11:02:24,605 - EXECUTION - INFO - Executing DBT Macro...
2025-01-15 11:02:24,605 - EXECUTION - INFO - DBT Command: dbt run-operation create_external_table_automated --args '{"value":"game_officials"}'
2025-01-15 11:02:28,695 - EXECUTION - INFO - Command succeeded: [0m17:02:25  Running with dbt=1.8.7
[0m17:02:26  Registered adapter: bigquery=1.8.3
[0m17:02:27  Found 27 models, 3 data tests, 496 macros
[0m17:02:27  Executing SQL: 
  CREATE OR REPLACE EXTERNAL TABLE `nhl_data_hub.external_game_officials`
  OPTIONS (
    format = 'PARQUET',
    uris = ['gs://dev-dbt-data-jf/input/nhl-game-data/game_officials.parquet']
  );
  

2025-01-15 11:02:28,695 - EXECUTION - INFO - Sleeping for 5 seconds...
2025-01-15 11:02:33,696 - EXECUTION - INFO - Executing DBT Macro...
2025-01-15 11:02:33,697 - EXECUTION - INFO - DBT Command: dbt run-operation create_external_table_automated --args '{"value":"game_penalties"}'
2025-01-15 11:02:37,742 - EXECUTION - INFO - Command succeeded: [0m17:02:34  Running with dbt=1.8.7
[0m17:02:35  Registered adapter: bigquery=1.8.3
[0m17:02:36  Found 27 models, 3 data tests, 496 macros
[0m17:02:36  Executing SQL: 
  CREATE OR REPLACE EXTERNAL TABLE `nhl_data_hub.external_game_penalties`
  OPTIONS (
    format = 'PARQUET',
    uris = ['gs://dev-dbt-data-jf/input/nhl-game-data/game_penalties.parquet']
  );
  

2025-01-15 11:02:37,742 - EXECUTION - INFO - Sleeping for 5 seconds...
2025-01-15 11:02:42,756 - EXECUTION - INFO - Executing DBT Macro...
2025-01-15 11:02:42,757 - EXECUTION - INFO - DBT Command: dbt run-operation create_external_table_automated --args '{"value":"game_plays"}'
2025-01-15 11:02:44,819 - EXECUTION - INFO - Command succeeded: [0m17:02:43  Running with dbt=1.8.7
[0m17:02:42  Registered adapter: bigquery=1.8.3
[0m17:02:43  Found 27 models, 3 data tests, 496 macros
[0m17:02:43  Executing SQL: 
  CREATE OR REPLACE EXTERNAL TABLE `nhl_data_hub.external_game_plays`
  OPTIONS (
    format = 'PARQUET',
    uris = ['gs://dev-dbt-data-jf/input/nhl-game-data/game_plays.parquet']
  );
  

2025-01-15 11:02:44,819 - EXECUTION - INFO - Sleeping for 5 seconds...
2025-01-15 11:02:49,842 - EXECUTION - INFO - Executing DBT Macro...
2025-01-15 11:02:49,842 - EXECUTION - INFO - DBT Command: dbt run-operation create_external_table_automated --args '{"value":"game_plays_players"}'
2025-01-15 11:02:53,900 - EXECUTION - INFO - Command succeeded: [0m17:02:50  Running with dbt=1.8.7
[0m17:02:52  Registered adapter: bigquery=1.8.3
[0m17:02:52  Found 27 models, 3 data tests, 496 macros
[0m17:02:52  Executing SQL: 
  CREATE OR REPLACE EXTERNAL TABLE `nhl_data_hub.external_game_plays_players`
  OPTIONS (
    format = 'PARQUET',
    uris = ['gs://dev-dbt-data-jf/input/nhl-game-data/game_plays_players.parquet']
  );
  

2025-01-15 11:02:53,900 - EXECUTION - INFO - Sleeping for 5 seconds...
2025-01-15 11:02:58,946 - EXECUTION - INFO - Executing DBT Macro...
2025-01-15 11:02:58,946 - EXECUTION - INFO - DBT Command: dbt run-operation create_external_table_automated --args '{"value":"game_scratches"}'
2025-01-15 11:03:03,165 - EXECUTION - INFO - Command succeeded: [0m17:03:00  Running with dbt=1.8.7
[0m17:03:01  Registered adapter: bigquery=1.8.3
[0m17:03:01  Found 27 models, 3 data tests, 496 macros
[0m17:03:01  Executing SQL: 
  CREATE OR REPLACE EXTERNAL TABLE `nhl_data_hub.external_game_scratches`
  OPTIONS (
    format = 'PARQUET',
    uris = ['gs://dev-dbt-data-jf/input/nhl-game-data/game_scratches.parquet']
  );
  

2025-01-15 11:03:03,165 - EXECUTION - INFO - Sleeping for 5 seconds...
2025-01-15 11:03:08,198 - EXECUTION - INFO - Executing DBT Macro...
2025-01-15 11:03:08,198 - EXECUTION - INFO - DBT Command: dbt run-operation create_external_table_automated --args '{"value":"game_shifts"}'
2025-01-15 11:03:12,464 - EXECUTION - INFO - Command succeeded: [0m17:03:09  Running with dbt=1.8.7
[0m17:03:10  Registered adapter: bigquery=1.8.3
[0m17:03:10  Found 27 models, 3 data tests, 496 macros
[0m17:03:10  Executing SQL: 
  CREATE OR REPLACE EXTERNAL TABLE `nhl_data_hub.external_game_shifts`
  OPTIONS (
    format = 'PARQUET',
    uris = ['gs://dev-dbt-data-jf/input/nhl-game-data/game_shifts.parquet']
  );
  

2025-01-15 11:03:12,464 - EXECUTION - INFO - Sleeping for 5 seconds...
2025-01-15 11:03:15,378 - EXECUTION - INFO - Executing DBT Macro...
2025-01-15 11:03:15,381 - EXECUTION - INFO - DBT Command: dbt run-operation create_external_table_automated --args '{"value":"game_skater_stats"}'
2025-01-15 11:03:19,864 - EXECUTION - INFO - Command succeeded: [0m17:03:16  Running with dbt=1.8.7
[0m17:03:17  Registered adapter: bigquery=1.8.3
[0m17:03:17  Found 27 models, 3 data tests, 496 macros
[0m17:03:17  Executing SQL: 
  CREATE OR REPLACE EXTERNAL TABLE `nhl_data_hub.external_game_skater_stats`
  OPTIONS (
    format = 'PARQUET',
    uris = ['gs://dev-dbt-data-jf/input/nhl-game-data/game_skater_stats.parquet']
  );
  

2025-01-15 11:03:19,864 - EXECUTION - INFO - Sleeping for 5 seconds...
2025-01-15 11:03:24,901 - EXECUTION - INFO - Executing DBT Macro...
2025-01-15 11:03:24,901 - EXECUTION - INFO - DBT Command: dbt run-operation create_external_table_automated --args '{"value":"game_teams_stats"}'
2025-01-15 11:03:28,991 - EXECUTION - INFO - Command succeeded: [0m17:03:26  Running with dbt=1.8.7
[0m17:03:27  Registered adapter: bigquery=1.8.3
[0m17:03:27  Found 27 models, 3 data tests, 496 macros
[0m17:03:27  Executing SQL: 
  CREATE OR REPLACE EXTERNAL TABLE `nhl_data_hub.external_game_teams_stats`
  OPTIONS (
    format = 'PARQUET',
    uris = ['gs://dev-dbt-data-jf/input/nhl-game-data/game_teams_stats.parquet']
  );
  

2025-01-15 11:03:28,991 - EXECUTION - INFO - Sleeping for 5 seconds...
2025-01-15 11:03:33,992 - EXECUTION - INFO - Executing DBT Macro...
2025-01-15 11:03:33,992 - EXECUTION - INFO - DBT Command: dbt run-operation create_external_table_automated --args '{"value":"player_info"}'
2025-01-15 11:03:38,159 - EXECUTION - INFO - Command succeeded: [0m17:03:35  Running with dbt=1.8.7
[0m17:03:36  Registered adapter: bigquery=1.8.3
[0m17:03:36  Found 27 models, 3 data tests, 496 macros
[0m17:03:36  Executing SQL: 
  CREATE OR REPLACE EXTERNAL TABLE `nhl_data_hub.external_player_info`
  OPTIONS (
    format = 'PARQUET',
    uris = ['gs://dev-dbt-data-jf/input/nhl-game-data/player_info.parquet']
  );
  

2025-01-15 11:03:38,159 - EXECUTION - INFO - Sleeping for 5 seconds...
2025-01-15 11:03:43,160 - EXECUTION - INFO - Executing DBT Macro...
2025-01-15 11:03:43,160 - EXECUTION - INFO - DBT Command: dbt run-operation create_external_table_automated --args '{"value":"team_info"}'
2025-01-15 11:03:45,111 - EXECUTION - INFO - Command succeeded: [0m17:03:44  Running with dbt=1.8.7
[0m17:03:45  Registered adapter: bigquery=1.8.3
[0m17:03:45  Found 27 models, 3 data tests, 496 macros
[0m17:03:45  Executing SQL: 
  CREATE OR REPLACE EXTERNAL TABLE `nhl_data_hub.external_team_info`
  OPTIONS (
    format = 'PARQUET',
    uris = ['gs://dev-dbt-data-jf/input/nhl-game-data/team_info.parquet']
  );
  

2025-01-15 11:03:45,112 - EXECUTION - INFO - Sleeping for 5 seconds...
2025-01-15 11:03:50,112 - EXECUTION - INFO - #-------------------- END --------------------#
